<?xml version="1.0" encoding="UTF-8"?>
<testsuite name="com.bwin.ignite.test.ServerTest" tests="1" skipped="0" failures="0" errors="0" timestamp="2016-12-13T12:24:15" hostname="IN01N00101" time="10.004">
  <properties/>
  <testcase name="serverStartUpTest" classname="com.bwin.ignite.test.ServerTest" time="10.004"/>
  <system-out><![CDATA[17:54:15.390 [pool-1-thread-1] DEBUG org.springframework.core.env.StandardEnvironment - Adding [systemProperties] PropertySource with lowest search precedence
17:54:15.393 [pool-1-thread-1] DEBUG org.springframework.core.env.StandardEnvironment - Adding [systemEnvironment] PropertySource with lowest search precedence
17:54:15.393 [pool-1-thread-1] DEBUG org.springframework.core.env.StandardEnvironment - Initialized StandardEnvironment with PropertySources [systemProperties,systemEnvironment]
17:54:15.400 [pool-1-thread-1] INFO org.springframework.beans.factory.xml.XmlBeanDefinitionReader - Loading XML bean definitions from URL [file:/C:/Users/dreddy/Personal/hazelcast-getting-started/1-hazelcast-getting-started-m1-exercise-files/explore-ignite/ignite-server/build/resources/test/example-ignite.xml]
17:54:15.416 [pool-1-thread-1] DEBUG org.springframework.beans.factory.xml.DefaultDocumentLoader - Using JAXP provider [com.sun.org.apache.xerces.internal.jaxp.DocumentBuilderFactoryImpl]
17:54:15.447 [pool-1-thread-1] DEBUG org.springframework.beans.factory.xml.PluggableSchemaResolver - Loading schema mappings from [META-INF/spring.schemas]
17:54:15.450 [pool-1-thread-1] DEBUG org.springframework.beans.factory.xml.PluggableSchemaResolver - Loaded schema mappings: {http://www.springframework.org/schema/tx/spring-tx-2.5.xsd=org/springframework/transaction/config/spring-tx-2.5.xsd, http://www.springframework.org/schema/cache/spring-cache-4.2.xsd=org/springframework/cache/config/spring-cache-4.2.xsd, http://www.springframework.org/schema/aop/spring-aop-4.1.xsd=org/springframework/aop/config/spring-aop-4.1.xsd, http://www.springframework.org/schema/context/spring-context-3.1.xsd=org/springframework/context/config/spring-context-3.1.xsd, http://www.springframework.org/schema/jdbc/spring-jdbc-4.1.xsd=org/springframework/jdbc/config/spring-jdbc-4.1.xsd, http://www.springframework.org/schema/util/spring-util-3.0.xsd=org/springframework/beans/factory/xml/spring-util-3.0.xsd, http://www.springframework.org/schema/tool/spring-tool.xsd=org/springframework/beans/factory/xml/spring-tool-4.3.xsd, http://www.springframework.org/schema/aop/spring-aop-3.2.xsd=org/springframework/aop/config/spring-aop-3.2.xsd, http://www.springframework.org/schema/lang/spring-lang-4.1.xsd=org/springframework/scripting/config/spring-lang-4.1.xsd, http://www.springframework.org/schema/context/spring-context-4.0.xsd=org/springframework/context/config/spring-context-4.0.xsd, http://www.springframework.org/schema/beans/spring-beans-4.2.xsd=org/springframework/beans/factory/xml/spring-beans-4.2.xsd, http://www.springframework.org/schema/tool/spring-tool-4.1.xsd=org/springframework/beans/factory/xml/spring-tool-4.1.xsd, http://www.springframework.org/schema/lang/spring-lang-3.2.xsd=org/springframework/scripting/config/spring-lang-3.2.xsd, http://www.springframework.org/schema/cache/spring-cache-3.2.xsd=org/springframework/cache/config/spring-cache-3.2.xsd, http://www.springframework.org/schema/jee/spring-jee-4.1.xsd=org/springframework/ejb/config/spring-jee-4.1.xsd, http://www.springframework.org/schema/jdbc/spring-jdbc-3.1.xsd=org/springframework/jdbc/config/spring-jdbc-3.1.xsd, http://www.springframework.org/schema/util/spring-util-2.0.xsd=org/springframework/beans/factory/xml/spring-util-2.0.xsd, http://www.springframework.org/schema/task/spring-task-4.2.xsd=org/springframework/scheduling/config/spring-task-4.2.xsd, http://www.springframework.org/schema/tool/spring-tool-3.2.xsd=org/springframework/beans/factory/xml/spring-tool-3.2.xsd, http://www.springframework.org/schema/context/spring-context.xsd=org/springframework/context/config/spring-context-4.3.xsd, http://www.springframework.org/schema/cache/spring-cache-4.1.xsd=org/springframework/cache/config/spring-cache-4.1.xsd, http://www.springframework.org/schema/aop/spring-aop-4.0.xsd=org/springframework/aop/config/spring-aop-4.0.xsd, http://www.springframework.org/schema/jee/spring-jee-3.2.xsd=org/springframework/ejb/config/spring-jee-3.2.xsd, http://www.springframework.org/schema/context/spring-context-3.0.xsd=org/springframework/context/config/spring-context-3.0.xsd, http://www.springframework.org/schema/jdbc/spring-jdbc-4.0.xsd=org/springframework/jdbc/config/spring-jdbc-4.0.xsd, http://www.springframework.org/schema/util/spring-util-4.3.xsd=org/springframework/beans/factory/xml/spring-util-4.3.xsd, http://www.springframework.org/schema/util/spring-util-2.5.xsd=org/springframework/beans/factory/xml/spring-util-2.5.xsd, http://www.springframework.org/schema/beans/spring-beans-3.2.xsd=org/springframework/beans/factory/xml/spring-beans-3.2.xsd, http://www.springframework.org/schema/aop/spring-aop-3.1.xsd=org/springframework/aop/config/spring-aop-3.1.xsd, http://www.springframework.org/schema/lang/spring-lang-4.0.xsd=org/springframework/scripting/config/spring-lang-4.0.xsd, http://www.springframework.org/schema/beans/spring-beans-4.1.xsd=org/springframework/beans/factory/xml/spring-beans-4.1.xsd, http://www.springframework.org/schema/tool/spring-tool-4.0.xsd=org/springframework/beans/factory/xml/spring-tool-4.0.xsd, http://www.springframework.org/schema/lang/spring-lang-3.1.xsd=org/springframework/scripting/config/spring-lang-3.1.xsd, http://www.springframework.org/schema/tx/spring-tx-3.2.xsd=org/springframework/transaction/config/spring-tx-3.2.xsd, http://www.springframework.org/schema/cache/spring-cache-3.1.xsd=org/springframework/cache/config/spring-cache-3.1.xsd, http://www.springframework.org/schema/jee/spring-jee-4.0.xsd=org/springframework/ejb/config/spring-jee-4.0.xsd, http://www.springframework.org/schema/jdbc/spring-jdbc-3.0.xsd=org/springframework/jdbc/config/spring-jdbc-3.0.xsd, http://www.springframework.org/schema/task/spring-task-4.1.xsd=org/springframework/scheduling/config/spring-task-4.1.xsd, http://www.springframework.org/schema/tool/spring-tool-3.1.xsd=org/springframework/beans/factory/xml/spring-tool-3.1.xsd, http://www.springframework.org/schema/jdbc/spring-jdbc.xsd=org/springframework/jdbc/config/spring-jdbc-4.1.xsd, http://www.springframework.org/schema/tx/spring-tx-4.1.xsd=org/springframework/transaction/config/spring-tx-4.1.xsd, http://www.springframework.org/schema/cache/spring-cache-4.0.xsd=org/springframework/cache/config/spring-cache-4.0.xsd, http://www.springframework.org/schema/jee/spring-jee-3.1.xsd=org/springframework/ejb/config/spring-jee-3.1.xsd, http://www.springframework.org/schema/util/spring-util-4.2.xsd=org/springframework/beans/factory/xml/spring-util-4.2.xsd, http://www.springframework.org/schema/task/spring-task-3.2.xsd=org/springframework/scheduling/config/spring-task-3.2.xsd, http://www.springframework.org/schema/beans/spring-beans-3.1.xsd=org/springframework/beans/factory/xml/spring-beans-3.1.xsd, http://www.springframework.org/schema/util/spring-util.xsd=org/springframework/beans/factory/xml/spring-util-4.3.xsd, http://www.springframework.org/schema/aop/spring-aop-3.0.xsd=org/springframework/aop/config/spring-aop-3.0.xsd, http://www.springframework.org/schema/beans/spring-beans-4.0.xsd=org/springframework/beans/factory/xml/spring-beans-4.0.xsd, http://www.springframework.org/schema/beans/spring-beans.xsd=org/springframework/beans/factory/xml/spring-beans-4.3.xsd, http://www.springframework.org/schema/lang/spring-lang-3.0.xsd=org/springframework/scripting/config/spring-lang-3.0.xsd, http://www.springframework.org/schema/tx/spring-tx-3.1.xsd=org/springframework/transaction/config/spring-tx-3.1.xsd, http://www.springframework.org/schema/context/spring-context-2.5.xsd=org/springframework/context/config/spring-context-2.5.xsd, http://www.springframework.org/schema/context/spring-context-4.3.xsd=org/springframework/context/config/spring-context-4.3.xsd, http://www.springframework.org/schema/task/spring-task-4.0.xsd=org/springframework/scheduling/config/spring-task-4.0.xsd, http://www.springframework.org/schema/tool/spring-tool-3.0.xsd=org/springframework/beans/factory/xml/spring-tool-3.0.xsd, http://www.springframework.org/schema/tx/spring-tx-4.0.xsd=org/springframework/transaction/config/spring-tx-4.0.xsd, http://www.springframework.org/schema/aop/spring-aop-2.0.xsd=org/springframework/aop/config/spring-aop-2.0.xsd, http://www.springframework.org/schema/jee/spring-jee-3.0.xsd=org/springframework/ejb/config/spring-jee-3.0.xsd, http://www.springframework.org/schema/util/spring-util-4.1.xsd=org/springframework/beans/factory/xml/spring-util-4.1.xsd, http://www.springframework.org/schema/task/spring-task-3.1.xsd=org/springframework/scheduling/config/spring-task-3.1.xsd, http://www.springframework.org/schema/beans/spring-beans-3.0.xsd=org/springframework/beans/factory/xml/spring-beans-3.0.xsd, http://www.springframework.org/schema/jee/spring-jee.xsd=org/springframework/ejb/config/spring-jee-4.3.xsd, http://www.springframework.org/schema/aop/spring-aop-2.5.xsd=org/springframework/aop/config/spring-aop-2.5.xsd, http://www.springframework.org/schema/aop/spring-aop-4.3.xsd=org/springframework/aop/config/spring-aop-4.3.xsd, http://www.springframework.org/schema/lang/spring-lang-2.0.xsd=org/springframework/scripting/config/spring-lang-2.0.xsd, http://www.springframework.org/schema/util/spring-util-3.2.xsd=org/springframework/beans/factory/xml/spring-util-3.2.xsd, http://www.springframework.org/schema/task/spring-task.xsd=org/springframework/scheduling/config/spring-task-4.3.xsd, http://www.springframework.org/schema/tool/spring-tool-2.0.xsd=org/springframework/beans/factory/xml/spring-tool-2.0.xsd, http://www.springframework.org/schema/tx/spring-tx-3.0.xsd=org/springframework/transaction/config/spring-tx-3.0.xsd, http://www.springframework.org/schema/lang/spring-lang-2.5.xsd=org/springframework/scripting/config/spring-lang-2.5.xsd, http://www.springframework.org/schema/lang/spring-lang-4.3.xsd=org/springframework/scripting/config/spring-lang-4.3.xsd, http://www.springframework.org/schema/context/spring-context-4.2.xsd=org/springframework/context/config/spring-context-4.2.xsd, http://www.springframework.org/schema/jee/spring-jee-2.0.xsd=org/springframework/ejb/config/spring-jee-2.0.xsd, http://www.springframework.org/schema/tool/spring-tool-4.3.xsd=org/springframework/beans/factory/xml/spring-tool-4.3.xsd, http://www.springframework.org/schema/tool/spring-tool-2.5.xsd=org/springframework/beans/factory/xml/spring-tool-2.5.xsd, http://www.springframework.org/schema/jee/spring-jee-4.3.xsd=org/springframework/ejb/config/spring-jee-4.3.xsd, http://www.springframework.org/schema/jee/spring-jee-2.5.xsd=org/springframework/ejb/config/spring-jee-2.5.xsd, http://www.springframework.org/schema/util/spring-util-4.0.xsd=org/springframework/beans/factory/xml/spring-util-4.0.xsd, http://www.springframework.org/schema/task/spring-task-3.0.xsd=org/springframework/scheduling/config/spring-task-3.0.xsd, http://www.springframework.org/schema/cache/spring-cache-4.3.xsd=org/springframework/cache/config/spring-cache-4.3.xsd, http://www.springframework.org/schema/aop/spring-aop-4.2.xsd=org/springframework/aop/config/spring-aop-4.2.xsd, http://www.springframework.org/schema/lang/spring-lang.xsd=org/springframework/scripting/config/spring-lang-4.3.xsd, http://www.springframework.org/schema/context/spring-context-3.2.xsd=org/springframework/context/config/spring-context-3.2.xsd, http://www.springframework.org/schema/util/spring-util-3.1.xsd=org/springframework/beans/factory/xml/spring-util-3.1.xsd, http://www.springframework.org/schema/beans/spring-beans-2.0.xsd=org/springframework/beans/factory/xml/spring-beans-2.0.xsd, http://www.springframework.org/schema/cache/spring-cache.xsd=org/springframework/cache/config/spring-cache-4.3.xsd, http://www.springframework.org/schema/tx/spring-tx.xsd=org/springframework/transaction/config/spring-tx-4.1.xsd, http://www.springframework.org/schema/lang/spring-lang-4.2.xsd=org/springframework/scripting/config/spring-lang-4.2.xsd, http://www.springframework.org/schema/context/spring-context-4.1.xsd=org/springframework/context/config/spring-context-4.1.xsd, http://www.springframework.org/schema/beans/spring-beans-4.3.xsd=org/springframework/beans/factory/xml/spring-beans-4.3.xsd, http://www.springframework.org/schema/beans/spring-beans-2.5.xsd=org/springframework/beans/factory/xml/spring-beans-2.5.xsd, http://www.springframework.org/schema/tool/spring-tool-4.2.xsd=org/springframework/beans/factory/xml/spring-tool-4.2.xsd, http://www.springframework.org/schema/tx/spring-tx-2.0.xsd=org/springframework/transaction/config/spring-tx-2.0.xsd, http://www.springframework.org/schema/jee/spring-jee-4.2.xsd=org/springframework/ejb/config/spring-jee-4.2.xsd, http://www.springframework.org/schema/jdbc/spring-jdbc-3.2.xsd=org/springframework/jdbc/config/spring-jdbc-3.2.xsd, http://www.springframework.org/schema/task/spring-task-4.3.xsd=org/springframework/scheduling/config/spring-task-4.3.xsd, http://www.springframework.org/schema/aop/spring-aop.xsd=org/springframework/aop/config/spring-aop-4.3.xsd}
17:54:15.453 [pool-1-thread-1] DEBUG org.springframework.beans.factory.xml.PluggableSchemaResolver - Found XML schema [http://www.springframework.org/schema/beans/spring-beans.xsd] in classpath: org/springframework/beans/factory/xml/spring-beans-4.3.xsd
17:54:15.497 [pool-1-thread-1] DEBUG org.springframework.beans.factory.xml.DefaultBeanDefinitionDocumentReader - Loading bean definitions
17:54:15.504 [pool-1-thread-1] INFO org.springframework.beans.factory.xml.XmlBeanDefinitionReader - Loading XML bean definitions from URL [file:/C:/Users/dreddy/Personal/hazelcast-getting-started/1-hazelcast-getting-started-m1-exercise-files/explore-ignite/ignite-server/build/resources/test/example-default.xml]
17:54:15.505 [pool-1-thread-1] DEBUG org.springframework.beans.factory.xml.DefaultDocumentLoader - Using JAXP provider [com.sun.org.apache.xerces.internal.jaxp.DocumentBuilderFactoryImpl]
17:54:15.507 [pool-1-thread-1] DEBUG org.springframework.beans.factory.xml.PluggableSchemaResolver - Found XML schema [http://www.springframework.org/schema/beans/spring-beans.xsd] in classpath: org/springframework/beans/factory/xml/spring-beans-4.3.xsd
17:54:15.527 [pool-1-thread-1] DEBUG org.springframework.beans.factory.xml.PluggableSchemaResolver - Found XML schema [http://www.springframework.org/schema/util/spring-util.xsd] in classpath: org/springframework/beans/factory/xml/spring-util-4.3.xsd
17:54:15.531 [pool-1-thread-1] DEBUG org.springframework.beans.factory.xml.PluggableSchemaResolver - Found XML schema [http://www.springframework.org/schema/tool/spring-tool-4.3.xsd] in classpath: org/springframework/beans/factory/xml/spring-tool-4.3.xsd
17:54:15.536 [pool-1-thread-1] DEBUG org.springframework.beans.factory.xml.DefaultBeanDefinitionDocumentReader - Loading bean definitions
17:54:15.542 [pool-1-thread-1] DEBUG org.springframework.beans.factory.xml.BeanDefinitionParserDelegate - Neither XML 'id' nor 'name' specified - using generated bean name [org.apache.ignite.configuration.CacheConfiguration#666a6bb7]
17:54:15.544 [pool-1-thread-1] DEBUG org.springframework.beans.factory.xml.DefaultNamespaceHandlerResolver - Loaded NamespaceHandler mappings: {http://www.springframework.org/schema/p=org.springframework.beans.factory.xml.SimplePropertyNamespaceHandler, http://www.springframework.org/schema/util=org.springframework.beans.factory.xml.UtilNamespaceHandler, http://www.springframework.org/schema/jee=org.springframework.ejb.config.JeeNamespaceHandler, http://www.springframework.org/schema/aop=org.springframework.aop.config.AopNamespaceHandler, http://www.springframework.org/schema/jdbc=org.springframework.jdbc.config.JdbcNamespaceHandler, http://www.springframework.org/schema/cache=org.springframework.cache.config.CacheNamespaceHandler, http://www.springframework.org/schema/c=org.springframework.beans.factory.xml.SimpleConstructorNamespaceHandler, http://www.springframework.org/schema/tx=org.springframework.transaction.config.TxNamespaceHandler, http://www.springframework.org/schema/task=org.springframework.scheduling.config.TaskNamespaceHandler, http://www.springframework.org/schema/lang=org.springframework.scripting.config.LangNamespaceHandler, http://www.springframework.org/schema/context=org.springframework.context.config.ContextNamespaceHandler}
17:54:15.551 [pool-1-thread-1] DEBUG org.springframework.beans.factory.xml.BeanDefinitionParserDelegate - Using generated bean name [util:constant#288291fd] for nested custom element 'util:constant'
17:54:15.551 [pool-1-thread-1] DEBUG org.springframework.beans.factory.xml.BeanDefinitionParserDelegate - Using generated bean name [util:constant#13937c87] for nested custom element 'util:constant'
17:54:15.551 [pool-1-thread-1] DEBUG org.springframework.beans.factory.xml.BeanDefinitionParserDelegate - Using generated bean name [util:constant#3021a5ec] for nested custom element 'util:constant'
17:54:15.551 [pool-1-thread-1] DEBUG org.springframework.beans.factory.xml.BeanDefinitionParserDelegate - Using generated bean name [util:constant#59c2413c] for nested custom element 'util:constant'
17:54:15.552 [pool-1-thread-1] DEBUG org.springframework.beans.factory.xml.BeanDefinitionParserDelegate - Using generated bean name [util:constant#65f32e80] for nested custom element 'util:constant'
17:54:15.552 [pool-1-thread-1] DEBUG org.springframework.beans.factory.xml.BeanDefinitionParserDelegate - Using generated bean name [util:constant#6d8c01fd] for nested custom element 'util:constant'
17:54:15.552 [pool-1-thread-1] DEBUG org.springframework.beans.factory.xml.BeanDefinitionParserDelegate - Using generated bean name [util:constant#50bfd765] for nested custom element 'util:constant'
17:54:15.552 [pool-1-thread-1] DEBUG org.springframework.beans.factory.xml.BeanDefinitionParserDelegate - Using generated bean name [util:constant#1bbfa7ef] for nested custom element 'util:constant'
17:54:15.552 [pool-1-thread-1] DEBUG org.springframework.beans.factory.xml.BeanDefinitionParserDelegate - Using generated bean name [util:constant#67440d36] for nested custom element 'util:constant'
17:54:15.553 [pool-1-thread-1] DEBUG org.springframework.beans.factory.xml.BeanDefinitionParserDelegate - Neither XML 'id' nor 'name' specified - using generated bean name [org.apache.ignite.spi.discovery.tcp.ipfinder.multicast.TcpDiscoveryMulticastIpFinder#6a4a6bca]
17:54:15.553 [pool-1-thread-1] DEBUG org.springframework.beans.factory.xml.BeanDefinitionParserDelegate - Neither XML 'id' nor 'name' specified - using generated bean name [org.apache.ignite.spi.discovery.tcp.TcpDiscoverySpi#44608d19]
17:54:15.554 [pool-1-thread-1] DEBUG org.springframework.beans.factory.xml.DefaultBeanDefinitionDocumentReader - Imported 1 bean definitions from relative location [example-default.xml]
17:54:15.555 [pool-1-thread-1] DEBUG org.springframework.beans.factory.xml.BeanDefinitionParserDelegate - Neither XML 'id' nor 'name' specified - using generated bean name [ignite.cfg$child#0]
17:54:15.557 [pool-1-thread-1] INFO org.springframework.context.support.GenericApplicationContext - Refreshing org.springframework.context.support.GenericApplicationContext@481cab44: startup date [Tue Dec 13 17:54:15 IST 2016]; root of context hierarchy
17:54:15.558 [pool-1-thread-1] DEBUG org.springframework.context.support.GenericApplicationContext - Bean factory for org.springframework.context.support.GenericApplicationContext@481cab44: org.springframework.beans.factory.support.DefaultListableBeanFactory@fd62979: defining beans [ignite.cfg,ignite.cfg$child#0]; root of factory hierarchy
17:54:15.582 [pool-1-thread-1] DEBUG org.springframework.context.support.GenericApplicationContext - Unable to locate MessageSource with name 'messageSource': using default [org.springframework.context.support.DelegatingMessageSource@563e75b0]
17:54:15.584 [pool-1-thread-1] DEBUG org.springframework.context.support.GenericApplicationContext - Unable to locate ApplicationEventMulticaster with name 'applicationEventMulticaster': using default [org.springframework.context.event.SimpleApplicationEventMulticaster@760fa354]
17:54:15.584 [pool-1-thread-1] DEBUG org.springframework.beans.factory.support.DefaultListableBeanFactory - Pre-instantiating singletons in org.springframework.beans.factory.support.DefaultListableBeanFactory@fd62979: defining beans [ignite.cfg,ignite.cfg$child#0]; root of factory hierarchy
17:54:15.585 [pool-1-thread-1] DEBUG org.springframework.beans.factory.support.DefaultListableBeanFactory - Creating shared instance of singleton bean 'ignite.cfg$child#0'
17:54:15.585 [pool-1-thread-1] DEBUG org.springframework.beans.factory.support.DefaultListableBeanFactory - Creating instance of bean 'ignite.cfg$child#0'
17:54:15.598 [pool-1-thread-1] DEBUG org.springframework.beans.factory.support.DefaultListableBeanFactory - Eagerly caching bean 'ignite.cfg$child#0' to allow for resolving potential circular references
17:54:15.600 [pool-1-thread-1] DEBUG org.springframework.beans.factory.support.DefaultListableBeanFactory - Creating instance of bean 'org.apache.ignite.configuration.CacheConfiguration#666a6bb7'
17:54:15.666 [pool-1-thread-1] DEBUG org.springframework.beans.BeanUtils - No property editor [org.apache.ignite.cache.CacheModeEditor] found for type org.apache.ignite.cache.CacheMode according to 'Editor' suffix convention
17:54:15.667 [pool-1-thread-1] DEBUG org.springframework.beans.BeanUtils - No property editor [org.apache.ignite.cache.CacheAtomicityModeEditor] found for type org.apache.ignite.cache.CacheAtomicityMode according to 'Editor' suffix convention
17:54:15.669 [pool-1-thread-1] DEBUG org.springframework.beans.BeanUtils - No property editor [org.apache.ignite.cache.CacheMemoryModeEditor] found for type org.apache.ignite.cache.CacheMemoryMode according to 'Editor' suffix convention
17:54:15.670 [pool-1-thread-1] DEBUG org.springframework.beans.factory.support.DefaultListableBeanFactory - Finished creating instance of bean 'org.apache.ignite.configuration.CacheConfiguration#666a6bb7'
17:54:15.688 [pool-1-thread-1] DEBUG org.springframework.beans.factory.support.DefaultListableBeanFactory - Creating instance of bean 'util:constant#288291fd'
17:54:15.694 [pool-1-thread-1] DEBUG org.springframework.beans.factory.support.DefaultListableBeanFactory - Invoking afterPropertiesSet() on bean with name 'util:constant#288291fd'
17:54:15.694 [pool-1-thread-1] DEBUG org.springframework.beans.factory.support.DefaultListableBeanFactory - Finished creating instance of bean 'util:constant#288291fd'
17:54:15.694 [pool-1-thread-1] DEBUG org.springframework.beans.factory.support.DefaultListableBeanFactory - Creating instance of bean 'util:constant#13937c87'
17:54:15.695 [pool-1-thread-1] DEBUG org.springframework.beans.factory.support.DefaultListableBeanFactory - Invoking afterPropertiesSet() on bean with name 'util:constant#13937c87'
17:54:15.695 [pool-1-thread-1] DEBUG org.springframework.beans.factory.support.DefaultListableBeanFactory - Finished creating instance of bean 'util:constant#13937c87'
17:54:15.695 [pool-1-thread-1] DEBUG org.springframework.beans.factory.support.DefaultListableBeanFactory - Creating instance of bean 'util:constant#3021a5ec'
17:54:15.695 [pool-1-thread-1] DEBUG org.springframework.beans.factory.support.DefaultListableBeanFactory - Invoking afterPropertiesSet() on bean with name 'util:constant#3021a5ec'
17:54:15.695 [pool-1-thread-1] DEBUG org.springframework.beans.factory.support.DefaultListableBeanFactory - Finished creating instance of bean 'util:constant#3021a5ec'
17:54:15.695 [pool-1-thread-1] DEBUG org.springframework.beans.factory.support.DefaultListableBeanFactory - Creating instance of bean 'util:constant#59c2413c'
17:54:15.695 [pool-1-thread-1] DEBUG org.springframework.beans.factory.support.DefaultListableBeanFactory - Invoking afterPropertiesSet() on bean with name 'util:constant#59c2413c'
17:54:15.695 [pool-1-thread-1] DEBUG org.springframework.beans.factory.support.DefaultListableBeanFactory - Finished creating instance of bean 'util:constant#59c2413c'
17:54:15.696 [pool-1-thread-1] DEBUG org.springframework.beans.factory.support.DefaultListableBeanFactory - Creating instance of bean 'util:constant#65f32e80'
17:54:15.696 [pool-1-thread-1] DEBUG org.springframework.beans.factory.support.DefaultListableBeanFactory - Invoking afterPropertiesSet() on bean with name 'util:constant#65f32e80'
17:54:15.696 [pool-1-thread-1] DEBUG org.springframework.beans.factory.support.DefaultListableBeanFactory - Finished creating instance of bean 'util:constant#65f32e80'
17:54:15.696 [pool-1-thread-1] DEBUG org.springframework.beans.factory.support.DefaultListableBeanFactory - Creating instance of bean 'util:constant#6d8c01fd'
17:54:15.696 [pool-1-thread-1] DEBUG org.springframework.beans.factory.support.DefaultListableBeanFactory - Invoking afterPropertiesSet() on bean with name 'util:constant#6d8c01fd'
17:54:15.696 [pool-1-thread-1] DEBUG org.springframework.beans.factory.support.DefaultListableBeanFactory - Finished creating instance of bean 'util:constant#6d8c01fd'
17:54:15.696 [pool-1-thread-1] DEBUG org.springframework.beans.factory.support.DefaultListableBeanFactory - Creating instance of bean 'util:constant#50bfd765'
17:54:15.696 [pool-1-thread-1] DEBUG org.springframework.beans.factory.support.DefaultListableBeanFactory - Invoking afterPropertiesSet() on bean with name 'util:constant#50bfd765'
17:54:15.696 [pool-1-thread-1] DEBUG org.springframework.beans.factory.support.DefaultListableBeanFactory - Finished creating instance of bean 'util:constant#50bfd765'
17:54:15.697 [pool-1-thread-1] DEBUG org.springframework.beans.factory.support.DefaultListableBeanFactory - Creating instance of bean 'util:constant#1bbfa7ef'
17:54:15.697 [pool-1-thread-1] DEBUG org.springframework.beans.factory.support.DefaultListableBeanFactory - Invoking afterPropertiesSet() on bean with name 'util:constant#1bbfa7ef'
17:54:15.697 [pool-1-thread-1] DEBUG org.springframework.beans.factory.support.DefaultListableBeanFactory - Finished creating instance of bean 'util:constant#1bbfa7ef'
17:54:15.697 [pool-1-thread-1] DEBUG org.springframework.beans.factory.support.DefaultListableBeanFactory - Creating instance of bean 'util:constant#67440d36'
17:54:15.697 [pool-1-thread-1] DEBUG org.springframework.beans.factory.support.DefaultListableBeanFactory - Invoking afterPropertiesSet() on bean with name 'util:constant#67440d36'
17:54:15.697 [pool-1-thread-1] DEBUG org.springframework.beans.factory.support.DefaultListableBeanFactory - Finished creating instance of bean 'util:constant#67440d36'
17:54:15.698 [pool-1-thread-1] DEBUG org.springframework.beans.factory.support.DefaultListableBeanFactory - Creating instance of bean 'org.apache.ignite.spi.discovery.tcp.TcpDiscoverySpi#44608d19'
17:54:15.710 [pool-1-thread-1] DEBUG org.springframework.beans.factory.support.DefaultListableBeanFactory - Creating instance of bean 'org.apache.ignite.spi.discovery.tcp.ipfinder.multicast.TcpDiscoveryMulticastIpFinder#6a4a6bca'
17:54:15.720 [pool-1-thread-1] DEBUG org.springframework.beans.factory.support.DefaultListableBeanFactory - Finished creating instance of bean 'org.apache.ignite.spi.discovery.tcp.ipfinder.multicast.TcpDiscoveryMulticastIpFinder#6a4a6bca'
17:54:15.738 [pool-1-thread-1] DEBUG org.springframework.beans.factory.support.DefaultListableBeanFactory - Finished creating instance of bean 'org.apache.ignite.spi.discovery.tcp.TcpDiscoverySpi#44608d19'
17:54:15.738 [pool-1-thread-1] DEBUG org.springframework.beans.factory.support.DefaultListableBeanFactory - Finished creating instance of bean 'ignite.cfg$child#0'
17:54:15.740 [pool-1-thread-1] DEBUG org.springframework.context.support.GenericApplicationContext - Unable to locate LifecycleProcessor with name 'lifecycleProcessor': using default [org.springframework.context.support.DefaultLifecycleProcessor@1e7195a]
17:54:15.741 [pool-1-thread-1] DEBUG org.springframework.beans.factory.support.DefaultListableBeanFactory - Returning cached instance of singleton bean 'lifecycleProcessor'
17:54:15.743 [pool-1-thread-1] DEBUG org.springframework.core.env.PropertySourcesPropertyResolver - Could not find key 'spring.liveBeansView.mbeanDomain' in any property source
17:54:15.745 [pool-1-thread-1] DEBUG org.springframework.beans.factory.support.DefaultListableBeanFactory - Returning cached instance of singleton bean 'ignite.cfg$child#0'
2016-12-13 17:54:15 INFO  IgniteKernal:475 - 

>>>    __________  ________________  
>>>   /  _/ ___/ |/ /  _/_  __/ __/  
>>>  _/ // (7 7    // /  / / / _/    
>>> /___/\___/_/|_/___/ /_/ /___/   
>>> 
>>> ver. 1.7.0#20160801-sha1:383273e3
>>> 2016 Copyright(C) Apache Software Foundation
>>> 
>>> Ignite documentation: http://ignite.apache.org

2016-12-13 17:54:15 INFO  IgniteKernal:475 - Config URL: file:/C:/Users/dreddy/Personal/hazelcast-getting-started/1-hazelcast-getting-started-m1-exercise-files/explore-ignite/ignite-server/build/resources/test/example-ignite.xml
2016-12-13 17:54:15 INFO  IgniteKernal:475 - Daemon mode: off
2016-12-13 17:54:15 INFO  IgniteKernal:475 - OS: Windows 7 6.1 amd64
2016-12-13 17:54:15 INFO  IgniteKernal:475 - OS user: dreddy
2016-12-13 17:54:15 INFO  IgniteKernal:475 - Language runtime: Java Platform API Specification ver. 1.8
2016-12-13 17:54:15 INFO  IgniteKernal:475 - VM information: Java(TM) SE Runtime Environment 1.8.0_111-b14 Oracle Corporation Java HotSpot(TM) 64-Bit Server VM 25.111-b14
2016-12-13 17:54:15 INFO  IgniteKernal:475 - VM total memory: 3.5GB
2016-12-13 17:54:15 INFO  IgniteKernal:475 - Remote Management [restart: off, REST: on, JMX (remote: off)]
2016-12-13 17:54:15 INFO  IgniteKernal:475 - IGNITE_HOME=null
2016-12-13 17:54:15 INFO  IgniteKernal:475 - VM arguments: [-Djava.security.manager=worker.org.gradle.process.internal.worker.child.BootstrapSecurityManager, -Dfile.encoding=windows-1252, -Duser.country=US, -Duser.language=en, -Duser.variant, -ea]
2016-12-13 17:54:15 INFO  IgniteKernal:475 - Configured caches ['ignite-marshaller-sys-cache', 'ignite-sys-cache', 'ignite-atomics-sys-cache', 'playerCache']
2016-12-13 17:54:15 WARN  GridDiagnostic:480 - Initial heap size is 252MB (should be no less than 512MB, use -Xms512m -Xmx512m).
2016-12-13 17:54:17 INFO  IgniteKernal:475 - Non-loopback local IPs: 10.8.109.20, 192.168.233.1, 192.168.29.1, 192.168.56.1, fe80:0:0:0:0:5efe:a08:6d14%net8, fe80:0:0:0:0:5efe:c0a8:1d01%net11, fe80:0:0:0:0:5efe:c0a8:3801%net10, fe80:0:0:0:0:5efe:c0a8:e901%net5, fe80:0:0:0:2c1a:bd8f:8523:d9d0%eth4, fe80:0:0:0:7409:beec:57ef:cc7b%eth12, fe80:0:0:0:9930:a958:b320:2ee0%wlan0, fe80:0:0:0:a8fc:ffb:ace3:d104%eth13, fe80:0:0:0:b013:e621:6558:4d0f%eth3, fe80:0:0:0:c89f:b0fa:986e:3c21%eth15, fe80:0:0:0:ed8e:d6fa:b038:6223%eth11
2016-12-13 17:54:17 INFO  IgniteKernal:475 - Enabled local MACs: 00000000000000E0, 00090FFE0001, 005056C00001, 005056C00008, 08D40C204068, 08D40C20406C, 0A002700001E, 28D244E8FCA7
2016-12-13 17:54:17 INFO  IgnitePluginProcessor:475 - Configured plugins:
2016-12-13 17:54:17 INFO  IgnitePluginProcessor:475 -   ^-- None
2016-12-13 17:54:17 INFO  IgnitePluginProcessor:475 - 
2016-12-13 17:54:17 INFO  TcpCommunicationSpi:475 - Successfully bound to TCP port [port=47100, locHost=0.0.0.0/0.0.0.0]
2016-12-13 17:54:17 WARN  NoopCheckpointSpi:480 - Checkpoints are disabled (to enable configure any GridCheckpointSpi implementation)
2016-12-13 17:54:17 WARN  GridCollisionManager:480 - Collision resolution is disabled (all jobs will be activated upon arrival).
2016-12-13 17:54:17 WARN  NoopSwapSpaceSpi:480 - Swap space is disabled. To enable use FileSwapSpaceSpi.
2016-12-13 17:54:17 INFO  IgniteKernal:475 - Security status [authentication=off, tls/ssl=off]
2016-12-13 17:54:17 INFO  GridTcpRestProtocol:475 - Command protocol successfully started [name=TCP binary, host=0.0.0.0/0.0.0.0, port=11211]
2016-12-13 17:54:17 INFO  TcpDiscoverySpi:475 - Successfully bound to TCP port [port=47500, localHost=0.0.0.0/0.0.0.0]
]]></system-out>
  <system-err><![CDATA[]]></system-err>
</testsuite>
